SF:lib/xempi_method_channel.dart
DA:12,1
DA:15,2
LF:2
LH:2
end_of_record
SF:lib/xempi_platform_interface.dart
DA:7,6
DA:9,6
DA:11,3
DA:16,2
DA:21,1
DA:22,2
DA:26,0
DA:27,0
LF:8
LH:6
end_of_record
SF:lib/xempi.dart
DA:17,1
DA:18,2
DA:21,0
DA:22,0
LF:4
LH:2
end_of_record
SF:lib/connection/connection_manager.dart
DA:74,0
DA:81,0
DA:82,0
DA:83,0
DA:86,0
DA:87,0
DA:88,0
DA:91,0
DA:93,0
DA:94,0
DA:95,0
DA:96,0
DA:97,0
DA:98,0
DA:100,0
DA:101,0
DA:102,0
DA:103,0
DA:105,0
DA:106,0
DA:111,0
DA:116,0
DA:119,0
DA:120,0
DA:124,0
DA:125,0
DA:129,0
DA:130,0
DA:134,0
DA:138,0
DA:139,0
DA:140,0
DA:141,0
DA:142,0
DA:143,0
DA:149,0
DA:150,0
DA:152,0
DA:155,0
DA:156,0
DA:157,0
DA:158,0
DA:162,0
DA:167,0
DA:169,0
DA:170,0
DA:172,0
DA:174,0
DA:175,0
DA:176,0
DA:180,0
DA:181,0
DA:182,0
DA:183,0
DA:185,0
DA:188,0
DA:189,0
DA:190,0
DA:191,0
DA:193,0
DA:196,0
DA:197,0
DA:198,0
DA:199,0
DA:201,0
DA:203,0
DA:204,0
DA:205,0
DA:207,0
DA:209,0
DA:214,0
DA:215,0
DA:217,0
DA:228,0
DA:234,0
DA:237,0
DA:238,0
DA:248,0
DA:249,0
DA:260,0
DA:261,0
DA:262,0
DA:265,0
DA:266,0
DA:269,0
DA:270,0
DA:272,0
DA:273,0
DA:275,0
DA:276,0
DA:278,0
DA:279,0
DA:281,0
DA:284,0
DA:285,0
DA:286,0
DA:287,0
DA:290,0
DA:293,0
DA:294,0
DA:295,0
DA:297,0
DA:299,0
DA:300,0
DA:301,0
DA:303,0
DA:309,0
DA:310,0
DA:311,0
DA:313,0
DA:320,0
DA:321,0
DA:322,0
DA:323,0
DA:324,0
DA:326,0
DA:328,0
DA:330,0
DA:331,0
DA:332,0
DA:333,0
DA:337,0
DA:340,0
DA:342,0
DA:343,0
DA:344,0
DA:349,0
DA:351,0
DA:352,0
DA:353,0
DA:358,0
DA:360,0
DA:361,0
DA:362,0
DA:367,0
DA:369,0
DA:370,0
DA:371,0
DA:376,0
DA:378,0
DA:379,0
DA:380,0
DA:385,0
DA:387,0
DA:388,0
DA:389,0
DA:394,0
DA:395,0
DA:396,0
DA:397,0
DA:399,0
LF:151
LH:0
end_of_record
SF:lib/data/logging_settings.dart
DA:13,0
DA:22,2
LF:2
LH:1
end_of_record
SF:lib/helpers/message_helper.dart
DA:8,0
DA:12,0
DA:13,0
DA:14,0
DA:16,0
DA:20,0
DA:24,0
DA:28,0
DA:32,0
DA:33,0
DA:35,0
DA:39,0
DA:43,0
DA:47,0
DA:51,0
DA:53,0
DA:54,0
DA:56,0
DA:57,0
DA:58,0
DA:59,0
DA:61,0
DA:66,0
DA:70,0
DA:71,0
DA:72,0
DA:75,0
DA:80,0
DA:85,0
DA:87,0
DA:88,0
DA:89,0
DA:90,0
DA:93,0
DA:94,0
DA:96,0
DA:100,0
DA:104,0
DA:106,0
DA:107,0
DA:109,0
DA:110,0
DA:112,0
DA:113,0
DA:114,0
DA:118,0
DA:122,0
DA:126,0
DA:128,0
DA:129,0
DA:131,0
DA:132,0
DA:133,0
DA:137,0
DA:141,0
DA:145,0
DA:147,0
DA:148,0
DA:150,0
DA:151,0
DA:152,0
DA:153,0
DA:157,0
DA:161,0
DA:165,0
DA:167,0
DA:169,0
DA:170,0
DA:172,0
DA:173,0
DA:177,0
DA:181,0
DA:191,0
DA:193,0
DA:195,0
DA:196,0
DA:198,0
DA:199,0
DA:201,0
DA:202,0
DA:204,0
DA:208,0
DA:209,0
DA:212,0
DA:213,0
DA:214,0
DA:218,0
DA:220,0
DA:221,0
DA:222,0
DA:227,0
DA:229,0
DA:230,0
DA:231,0
DA:236,0
DA:238,0
DA:239,0
DA:240,0
DA:248,0
DA:250,0
DA:252,0
DA:253,0
DA:257,0
DA:258,0
DA:262,0
DA:263,0
DA:269,0
DA:273,0
DA:278,0
DA:279,0
DA:280,0
DA:281,0
DA:283,0
DA:284,0
DA:288,0
DA:292,0
DA:297,0
DA:298,0
DA:299,0
DA:300,0
DA:302,0
DA:303,0
DA:307,0
DA:311,0
DA:316,0
DA:317,0
DA:318,0
DA:319,0
DA:321,0
DA:322,0
DA:326,0
DA:330,0
DA:335,0
DA:336,0
DA:337,0
DA:338,0
DA:340,0
DA:341,0
DA:345,0
DA:349,0
DA:354,0
DA:355,0
DA:356,0
DA:357,0
DA:359,0
DA:360,0
DA:364,0
DA:368,0
DA:374,0
DA:375,0
DA:376,0
DA:377,0
DA:379,0
DA:380,0
DA:381,0
DA:384,0
DA:388,0
DA:392,0
DA:394,0
DA:395,0
DA:397,0
DA:398,0
DA:402,0
LF:163
LH:0
end_of_record
SF:lib/data/account_settings.dart
DA:7,0
LF:1
LH:0
end_of_record
SF:lib/data/connection_settings.dart
DA:5,0
LF:1
LH:0
end_of_record
SF:lib/socket_api/socket_implementation.dart
DA:10,0
DA:12,0
DA:13,0
DA:15,0
DA:18,0
DA:25,0
DA:26,0
DA:27,0
DA:28,0
DA:29,0
DA:31,0
DA:39,0
DA:41,0
DA:44,0
DA:46,0
DA:49,0
DA:56,0
DA:57,0
DA:62,0
LF:19
LH:0
end_of_record
SF:lib/data/jid.dart
DA:12,1
DA:18,0
DA:23,0
DA:24,0
DA:25,0
DA:26,0
DA:30,0
DA:31,0
DA:32,0
DA:33,0
DA:34,0
DA:38,0
DA:39,0
DA:40,0
DA:41,0
DA:42,0
DA:46,0
DA:48,0
DA:49,0
DA:51,1
DA:54,2
DA:55,3
DA:57,2
DA:58,2
DA:59,3
DA:64,0
DA:68,0
DA:69,0
DA:70,0
DA:71,0
DA:74,0
DA:76,0
DA:80,1
DA:81,1
DA:86,1
DA:88,1
DA:89,1
DA:90,3
DA:91,1
DA:92,1
DA:94,1
DA:99,1
DA:100,2
DA:101,0
DA:103,1
DA:104,1
DA:105,3
DA:106,3
DA:108,1
DA:109,1
DA:111,2
DA:117,1
DA:119,1
DA:121,2
DA:122,2
DA:123,2
DA:124,1
DA:125,1
LF:58
LH:32
end_of_record
